0:100  0:100  MemLog inited, TSC freq: 3600512580
0:100  0:000  CPU was calibrated with RTC
0:100  0:000  
0:100  0:000  Now is 17.3.2020,  5:21:57 (GMT)
0:100  0:000  Starting Clover revision: 4988 on American Megatrends EFI
0:100  0:000  Build with: [Args: -D NO_GRUB_DRIVERS_EMBEDDED | -D NO_GRUB_DRIVERS_EMBEDDED -D USE_LOW_EBDA -D HAVE_LEGACY_EMURUNTIMEDXE -a X64 -b RELEASE -t XCODE8 -n 5 | OS: 10.13.6 | XCODE: 10.1]
0:100  0:000  SelfDevicePath=PciRoot(0x0)\Pci(0x17,0x0)\Sata(0x1,0xFFFF,0x0)\HD(1,GPT,322FF8CB-2B3C-4CD3-8DAA-43C9776E39EF,0x28,0x64000) @71328198
0:100  0:000  SelfDirPath = \EFI\BOOT
0:103  0:002  === [ Get Smbios ] ========================================
0:107  0:004  Type 16 Index = 0
0:107  0:000  Total Memory Slots Count = 4
0:107  0:000  Type 17 Index = 0
0:107  0:000  SmbiosTable.Type17->Speed = 2400MHz
0:107  0:000  SmbiosTable.Type17->Size = 8192MB
0:107  0:000  SmbiosTable.Type17->Bank/Device = BANK 0 ChannelA-DIMM0
0:107  0:000  SmbiosTable.Type17->Vendor = 859B
0:107  0:000  SmbiosTable.Type17->SerialNumber = E24B7772
0:107  0:000  SmbiosTable.Type17->PartNumber = BLS8G4D32AESCK.M8FE 
0:107  0:000  Type 17 Index = 1
0:107  0:000  Ignoring insane frequency value 0MHz
0:107  0:000  SmbiosTable.Type17->Speed = 0MHz
0:107  0:000  SmbiosTable.Type17->Size = 0MB
0:107  0:000  SmbiosTable.Type17->Bank/Device = BANK 1 ChannelA-DIMM1
0:107  0:000  SmbiosTable.Type17->Vendor = <null string>
0:107  0:000  SmbiosTable.Type17->SerialNumber = <null string>
0:107  0:000  SmbiosTable.Type17->PartNumber = <null string>
0:108  0:000  Type 17 Index = 2
0:108  0:000  SmbiosTable.Type17->Speed = 2400MHz
0:108  0:000  SmbiosTable.Type17->Size = 8192MB
0:108  0:000  SmbiosTable.Type17->Bank/Device = BANK 2 ChannelB-DIMM0
0:108  0:000  SmbiosTable.Type17->Vendor = 859B
0:108  0:000  SmbiosTable.Type17->SerialNumber = E24B7793
0:108  0:000  SmbiosTable.Type17->PartNumber = BLS8G4D32AESCK.M8FE 
0:108  0:000  Type 17 Index = 3
0:108  0:000  Ignoring insane frequency value 0MHz
0:108  0:000  SmbiosTable.Type17->Speed = 0MHz
0:108  0:000  SmbiosTable.Type17->Size = 0MB
0:108  0:000  SmbiosTable.Type17->Bank/Device = BANK 3 ChannelB-DIMM1
0:108  0:000  SmbiosTable.Type17->Vendor = <null string>
0:108  0:000  SmbiosTable.Type17->SerialNumber = <null string>
0:108  0:000  SmbiosTable.Type17->PartNumber = <null string>
0:108  0:000  Boot status=0
0:108  0:000  Running on: 'MS-7A67' with board 'B250I GAMING PRO AC (MS-7A67)'
0:108  0:000  === [ GetCPUProperties ] ==================================
0:108  0:000  CPU Vendor = 756E6547 Model=906E9
0:108  0:000   The CPU supported SSE4.1
0:108  0:000  BrandString = Intel(R) Pentium(R) CPU G4600 @ 3.60GHz
0:108  0:000   The CPU not supported turbo
0:108  0:000  MSR 0x35               20004
0:108  0:000   TSC/CCC Information Leaf:
0:108  0:000    numerator     : 300
0:108  0:000    denominator   : 2
0:108  0:000   Calibrated ARTFrequency: 24003417
0:108  0:000  MSR 0xE2 before patch 1E000000
0:108  0:000  MSR 0xCE              00080838_F1012400
0:108  0:000  corrected FLEX_RATIO = 0
0:108  0:000  FSBFrequency = 100 MHz, DMI FSBFrequency = 100 MHz, Corrected FSBFrequency = 100 MHz
0:108  0:000  MaxDiv/MinDiv: 36.0/8
0:108  0:000  Turbo: 36/36/36/36
0:108  0:000  Features: 0xBFEBFBFF
0:108  0:000  Threads: 4
0:108  0:000  Cores: 2
0:108  0:000  FSB: 100 MHz
0:108  0:000  CPU: 3600 MHz
0:108  0:000  TSC: 3600 MHz
0:108  0:000  PIS: 100 MHz
0:108  0:000  ExternalClock: 25 MHz
0:108  0:000  === [ GetDevices ] ========================================
0:108  0:000  PCI (00|00:00.00) : 8086 590F class=060000
0:108  0:000  PCI (00|00:01.00) : 8086 1901 class=060400
0:108  0:000  PCI (00|01:00.00) : 10DE 1C81 class=030000
0:108  0:000   - GFX: Model=Gigabyte GeForce GTX 1050 family 137 (Pascal)
0:108  0:000  PCI (00|01:00.01) : 10DE 0FB9 class=040300
0:108  0:000   - HDMI Audio: 
0:108  0:000  PCI (00|00:02.00) : 8086 5912 class=038000
0:108  0:000   - GFX: Model=Intel HD Graphics 630 (Intel)
0:108  0:000  PCI (00|00:08.00) : 8086 1911 class=088000
0:108  0:000  PCI (00|00:14.00) : 8086 A2AF class=0C0330
0:108  0:000  PCI (00|00:14.02) : 8086 A2B1 class=118000
0:108  0:000  PCI (00|00:16.00) : 8086 A2BA class=078000
0:108  0:000  PCI (00|00:17.00) : 8086 A282 class=010601
0:108  0:000  PCI (00|00:1C.00) : 8086 A294 class=060400
0:108  0:000  PCI (00|02:00.00) : 10EC 8168 class=020000
0:108  0:000   - LAN: 0 Vendor=Realtek
0:108  0:000  PCI (00|00:1C.07) : 8086 A297 class=060400
0:108  0:000  PCI (00|03:00.00) : 8086 24FD class=028000
0:108  0:000   - WIFI: Vendor=Intel
0:108  0:000  PCI (00|00:1F.00) : 8086 A2C8 class=060100
0:108  0:000  PCI (00|00:1F.02) : 8086 A2A1 class=058000
0:108  0:000  PCI (00|00:1F.04) : 8086 A2A3 class=0C0500
0:108  0:000  === [ GetDefaultSettings ] ================================
0:108  0:000  Clover load options size = 0 bytes
0:113  0:004  EFI\CLOVER\config.plist not loaded: Not Found
0:118  0:004  === [ GetListOfThemes ] ===================================
0:119  0:001  - [00]: random
0:122  0:003  - [00]: embedded
0:126  0:004  === [ Found config plists ] ===============================
0:127  0:000  === [ LoadDrivers ] =======================================
0:130  0:003  Loading VirtualSmc.efi  status=Success
0:240  0:110  Loading VBoxHfs.efi  status=Success
0:247  0:006   - driver needs connecting
0:247  0:000  Loading ApfsDriverLoader.efi  status=Success
0:251  0:004   - driver needs connecting
0:251  0:000  Loading AptioMemoryFix.efi  status=Success
0:256  0:004  2 drivers needs connecting ...
0:256  0:000  PlatformDriverOverrideProtocol not found. Installing ... Success
0:256  0:000  APFS driver loaded
0:256  0:000  Searching for invalid DiskIo BY_DRIVER connects: not found, all ok
0:620  0:363  === [ InitScreen ] ========================================
0:620  0:000  Console modes reported: 4, available modes:
0:620  0:000   - [01]: 80x25
0:620  0:000   - [02]: 80x50
0:620  0:000   - [03]: 100x31
0:620  0:000   - [04]: 128x40 (current mode)
0:620  0:000  SetMaxResolution: found best mode 0: 1920x1080
0:620  0:000   - already set
0:620  0:000  reinit: self device path=PciRoot(0x0)\Pci(0x17,0x0)\Sata(0x1,0xFFFF,0x0)\HD(1,GPT,322FF8CB-2B3C-4CD3-8DAA-43C9776E39EF,0x28,0x64000)
0:623  0:002  === [ GetMacAddress ] =====================================
0:623  0:000  MAC address of LAN #0= 30:9C:23:09:1C:79:
0:623  0:000  === [ ScanSPD ] ===========================================
0:623  0:000  Scanning SMBus [8086:A2A3], mmio: 0xFF010004, ioport: 0xF040, hostc: 0x1
0:641  0:018  Slot: 0 Type 26 8192MB 3200MHz Vendor=Crucial Technology PartNo=BLS8G4D32AESCK.M8FE SerialNo=0E02040B07070702
0:660  0:018  Slot: 2 Type 26 8192MB 3200MHz Vendor=Crucial Technology PartNo=BLS8G4D32AESCK.M8FE SerialNo=0E02040B07070903
0:660  0:000  === [ GetAcpiTablesList ] =================================
0:670  0:009  Get Acpi Tables List from RSDT:
0:670  0:000   - [00]: FACP  A M I  len=132
0:670  0:000   - [01]: APIC  A M I  len=132
0:670  0:000   - [02]: FPDT  A M I  len=68
0:670  0:000   - [03]: FIDT  A M I len=156
0:670  0:000   - [04]: MCFG  A M I  len=60
0:670  0:000   - [05]: SSDT  SataTabl len=931
0:670  0:000   - [06]: SSDT  SaSsdt  len=12662
0:670  0:000   - [07]: SSDT  PegSsdt len=9637
0:670  0:000   - [08]: SSDT  Ther_Rvp len=3557
0:670  0:000   - [09]: SSDT  xh_rvp08 len=2601
0:670  0:000   - [10]: UEFI  A M I  len=66
0:670  0:000   - [11]: SSDT  CpuSsdt len=3806
0:670  0:000   - [12]: LPIT  KBL len=148
0:670  0:000   - [13]: SSDT  HdaDsp len=321
0:670  0:000   - [14]: SSDT  sensrhub len=671
0:670  0:000   - [15]: SSDT  PtidDevc len=12290
0:670  0:000   - [16]: SSDT  TbtTypeC len=1303
0:670  0:000   - [17]: DBGP   len=52
0:670  0:000   - [18]: DBG2   len=84
0:670  0:000   - [19]: BGRT  A M I  len=56
0:670  0:000   - [20]: WSMT  A M I  len=40
0:670  0:000  Calibrated TSC Frequency = 3600512580 = 3600MHz
0:674  0:004  === [ Found DSDT tables ] =================================
0:747  0:072  === [ ScanVolumes ] =======================================
0:747  0:000  Found 16 volumes with blockIO
0:747  0:000  - [00]: Volume: PciRoot(0x0)\Pci(0x17,0x0)\Sata(0x0,0xFFFF,0x0)
0:749  0:002          Result of bootcode detection: bootable unknown (legacy)
0:749  0:000  - [01]: Volume: PciRoot(0x0)\Pci(0x17,0x0)\Sata(0x1,0xFFFF,0x0)
0:750  0:000  - [02]: Volume: PciRoot(0x0)\Pci(0x17,0x0)\Sata(0x3,0xFFFF,0x0)
0:750  0:000  - [03]: Volume: PciRoot(0x0)\Pci(0x17,0x0)\Sata(0x0,0xFFFF,0x0)\HD(1,GPT,1D239D1C-6C06-47AA-A92C-EE2BF26E73AA,0x800,0xE1000)
0:751  0:000          Result of bootcode detection: bootable Windows (vista,win)
0:751  0:000  - [04]: Volume: PciRoot(0x0)\Pci(0x17,0x0)\Sata(0x0,0xFFFF,0x0)\HD(2,GPT,DFBC2917-C777-4896-BA2B-2FA38077015E,0xE1800,0x31800)
0:752  0:000          Result of bootcode detection: bootable Windows (vista,win)
0:753  0:001  - [05]: Volume: PciRoot(0x0)\Pci(0x17,0x0)\Sata(0x0,0xFFFF,0x0)\HD(3,GPT,364C5C78-2C84-4D10-81D7-D4A5866C18E7,0x113000,0x8000)
0:754  0:000  - [06]: Volume: PciRoot(0x0)\Pci(0x17,0x0)\Sata(0x0,0xFFFF,0x0)\HD(4,GPT,59D9A3AD-F7DC-47E5-9C7D-A7E81E1AD8B6,0x11B000,0x1CFA7C13)
0:755  0:000          Result of bootcode detection: bootable Windows (vista,win)
0:755  0:000  - [07]: Volume: PciRoot(0x0)\Pci(0x17,0x0)\Sata(0x0,0xFFFF,0x0)\HD(5,GPT,78100D70-C3E2-4650-990B-E4D80063ECB3,0x1D0C3000,0x102000)
0:755  0:000          Result of bootcode detection: bootable Windows (vista,win)
0:755  0:000  - [08]: Volume: PciRoot(0x0)\Pci(0x17,0x0)\Sata(0x1,0xFFFF,0x0)\HD(1,GPT,322FF8CB-2B3C-4CD3-8DAA-43C9776E39EF,0x28,0x64000)
0:756  0:000          Result of bootcode detection: bootable unknown (legacy)
0:758  0:002          This is SelfVolume !!
0:758  0:000  - [09]: Volume: PciRoot(0x0)\Pci(0x17,0x0)\Sata(0x1,0xFFFF,0x0)\HD(2,GPT,A8C6C91A-0DCD-47EA-AE72-3A929CD73869,0x64028,0xDF30B60)
0:759  0:000          Result of bootcode detection: bootable unknown (legacy)
0:759  0:000  - [10]: Volume: PciRoot(0x0)\Pci(0x17,0x0)\Sata(0x3,0xFFFF,0x0)\HD(1,GPT,F72B0666-951C-495E-8E29-E09B8BD102BE,0x800,0xE8E07800)
0:760  0:000          Result of bootcode detection: bootable Windows (vista,win)
0:760  0:000  - [11]: Volume: PciRoot(0x0)\Pci(0x17,0x0)\Sata(0x1,0xFFFF,0x0)\HD(2,GPT,A8C6C91A-0DCD-47EA-AE72-3A929CD73869,0x64028,0xDF30B60)\VenMedia(BE74FCF7-0B7C-49F3-9147-01F4042E6842,DCF058F01186B644971E6821BCEF9C71)
0:760  0:000  - [12]: Volume: PciRoot(0x0)\Pci(0x17,0x0)\Sata(0x1,0xFFFF,0x0)\HD(2,GPT,A8C6C91A-0DCD-47EA-AE72-3A929CD73869,0x64028,0xDF30B60)\VenMedia(BE74FCF7-0B7C-49F3-9147-01F4042E6842,B7CAF9B1C6985F408785CD6A28A4F12E)
0:760  0:000  - [13]: Volume: PciRoot(0x0)\Pci(0x17,0x0)\Sata(0x1,0xFFFF,0x0)\HD(2,GPT,A8C6C91A-0DCD-47EA-AE72-3A929CD73869,0x64028,0xDF30B60)\VenMedia(BE74FCF7-0B7C-49F3-9147-01F4042E6842,58EE05A25EC7604BBA432310D6407B07)
0:760  0:000  - [14]: Volume: PciRoot(0x0)\Pci(0x17,0x0)\Sata(0x1,0xFFFF,0x0)\HD(2,GPT,A8C6C91A-0DCD-47EA-AE72-3A929CD73869,0x64028,0xDF30B60)\VenMedia(BE74FCF7-0B7C-49F3-9147-01F4042E6842,4702E9497CD1BC499D00FE97D1B7EC33)
0:760  0:000  - [15]: Volume: PciRoot(0x0)\Pci(0x17,0x0)\Sata(0x1,0xFFFF,0x0)\HD(2,GPT,A8C6C91A-0DCD-47EA-AE72-3A929CD73869,0x64028,0xDF30B60)\VenMedia(BE74FCF7-0B7C-49F3-9147-01F4042E6842,ADEE8832D6A7AC48AB96FB08DD332987)
0:760  0:000  No AudioIoProtocols, status=Not Found
0:760  0:000  === [ InitTheme ] =========================================
0:760  0:000  use night theme
0:760  0:000   using embedded theme
0:760  0:000  got embedded sound
0:760  0:000    Channels: 2  Sample rate: 8000 Hz  Bits: 16
0:760  0:000  output to channel 0 with volume 70, len=25600
0:760  0:000   sound channels=2 bits=16 freq=8000
0:760  0:000  sound converted to 48kHz
0:760  0:000  not found AudioIo to play
0:760  0:000  sound play end with status=Not Found
0:760  0:000  Using embedded font: Success
0:761  0:000  theme inited
0:761  0:000  Chosen embedded theme
0:761  0:000  found boot-args in NVRAM:keepsyms=1 debug=0x100 alcid=1, size=31
0:761  0:000  ...found arg:keepsyms=1
0:761  0:000  ...adding arg:keepsyms=1
0:761  0:000  ...found arg:debug=0x100
0:761  0:000  ...adding arg:debug=0x100
0:761  0:000  ...found arg:alcid=1
0:761  0:000  ...adding arg:alcid=1
0:761  0:000  after NVRAM boot-args= keepsyms=1 debug=0x100 alcid=1 
0:761  0:000  === [ Dump SMC keys from NVRAM ] ==========================
0:761  0:000  found AppleSMC protocol
0:842  0:080  === [ ScanLoader ] ========================================
0:842  0:000  - [03]: ''
0:842  0:000  - [04]: 'EFI'
0:854  0:012          AddLoaderEntry for Volume Name=EFI
0:861  0:007          AddLoaderEntry for Volume Name=EFI
0:861  0:000          skipped because entry is hidden
0:861  0:000  - [06]: '850EVO'
0:861  0:000  - [07]: ''
0:861  0:000  - [08]: 'EFI'
0:881  0:019          AddLoaderEntry for Volume Name=EFI
0:881  0:000          skipped because entry is hidden
0:881  0:000  - [10]: 'ST2000LM015'
0:881  0:000  - [11]: 'Preboot'
0:882  0:001          AddLoaderEntry for Volume Name=Preboot
0:884  0:002      Check if volume Is Hibernated:
0:884  0:000      Check sleep image 'by signature':
0:884  0:000      using default sleep image name = \private\var\vm\sleepimage
0:884  0:000      sleepimage not found -> Not Found
0:884  0:000      hibernated: no - sign
0:887  0:002  - [12]: 'TOSHIBA - Data'
0:892  0:004  - [13]: 'Recovery'
0:892  0:000          AddLoaderEntry for Volume Name=Recovery
0:896  0:004  - [14]: 'VM'
0:896  0:000  - [15]: 'TOSHIBA'
0:920  0:024          AddLoaderEntry for Volume Name=TOSHIBA
0:926  0:005      Check if volume Is Hibernated:
0:926  0:000      Check sleep image 'by signature':
0:927  0:001      using default sleep image name = \private\var\vm\sleepimage
0:927  0:000      sleepimage not found -> Not Found
0:927  0:000      hibernated: no - sign
0:930  0:002  Scanning legacy ...
0:930  0:000   3: '' (vista,win) add legacy
0:930  0:000   added 'Boot Windows from ' OSType=2 Icon=vista,win
0:930  0:000   4: 'EFI' (vista,win) add legacy
0:930  0:000   added 'Boot Windows from EFI' OSType=2 Icon=vista,win
0:930  0:000   6: '850EVO' (vista,win) add legacy
0:930  0:000   added 'Boot Windows from 850EVO' OSType=2 Icon=vista,win
0:930  0:000   7: '' (vista,win) add legacy
0:930  0:000   added 'Boot Windows from ' OSType=2 Icon=vista,win
0:930  0:000  10: 'ST2000LM015' (vista,win) add legacy
0:930  0:000   added 'Boot Windows from ST2000LM015' OSType=2 Icon=vista,win
0:930  0:000  === [ AddCustomTool ] =====================================
0:931  0:001  found tool \EFI\CLOVER\tools\Shell64U.efi
0:931  0:000  Checking EFI partition Volume 4 for Clover
0:935  0:003  Checking EFI partition Volume 8 for Clover
0:938  0:003   Found Clover
0:939  0:000  === [ GetEfiBootDeviceFromNvram ] =========================
0:940  0:001   - efi-boot-device-data: PciRoot(0x0)\Pci(0x17,0x0)\Sata(0x1,0xFFFF,0x0)\HD(2,GPT,A8C6C91A-0DCD-47EA-AE72-3A929CD73869,0x64028,0xDF30B60)\VenMedia(BE74FCF7-0B7C-49F3-9147-01F4042E6842,ADEE8832D6A7AC48AB96FB08DD332987)
0:940  0:000    - Volume: 'PciRoot(0x0)\Pci(0x17,0x0)\Sata(0x1,0xFFFF,0x0)\HD(2,GPT,A8C6C91A-0DCD-47EA-AE72-3A929CD73869,0x64028,0xDF30B60)\VenMedia(BE74FCF7-0B7C-49F3-9147-01F4042E6842,ADEE8832D6A7AC48AB96FB08DD332987)'
0:940  0:000    - LoaderPath: '<null string>'
0:940  0:000    - Guid = A8C6C91A-0DCD-47EA-AE72-3A929CD73869
0:940  0:000  === [ FindStartupDiskVolume ] =============================
0:940  0:000    - Volume: partition = PciRoot(0x0)\Pci(0x17,0x0)\Sata(0x1,0xFFFF,0x0)\HD(2,GPT,A8C6C91A-0DCD-47EA-AE72-3A929CD73869,0x64028,0xDF30B60)\VenMedia(BE74FCF7-0B7C-49F3-9147-01F4042E6842,ADEE8832D6A7AC48AB96FB08DD332987)
0:940  0:000     - searching for that partition
0:940  0:000      - found entry 3. 'Boot macOS from TOSHIBA', Volume 'TOSHIBA'
0:940  0:000  Boot redirected to Entry 3. 'Boot macOS from TOSHIBA'
0:940  0:000  DefaultIndex=3 and MainMenu.EntryCount=15
1:015  0:074  GUI ready
24:792  23:777   boot with args:  keepsyms=1 debug=0x100 alcid=1  -v 
24:792  0:000  exit from MainMenu 3
24:793  0:000  ParseBootOption: invalid input params
24:793  0:000  BootVariable of the entry is empty
24:793  0:000  === [ StartLoader ] =======================================
24:793  0:000  Finally: ExternalClock=26MHz BusSpeed=100015kHz CPUFreq=3601MHz PIS: hw.busfrequency=104000000Hz
24:793  0:000  Loading boot.efi  status=Success
24:956  0:163  GetOSVersion: 10.15.3 (19D76)
24:956  0:000  CSR_CFG: CSR_ALLOW_UNTRUSTED_KEXTS | CSR_ALLOW_UNRESTRICTED_FS | CSR_ALLOW_TASK_FOR_PID | CSR_ALLOW_KERNEL_DEBUGGER | CSR_ALLOW_APPLE_INTERNAL | CSR_ALLOW_UNRESTRICTED_DTRACE | CSR_ALLOW_UNRESTRICTED_NVRAM | CSR_ALLOW_DEVICE_CONFIGURATION | CSR_ALLOW_ANY_RECOVERY_
24:956  0:000  Will not patch boot.efi
24:956  0:000  === [ PatchSmbios ] =======================================
24:956  0:000  insert table 9 for dev 0:0
24:956  0:000  insert table 9 for dev 0:1
24:956  0:000  insert table 9 for dev 0:0
24:956  0:000  insert table 9 for dev 0:0
24:956  0:000  Table 11 present, but rewritten for us
24:956  0:000  Trusting SMBIOS...
24:956  0:000  Channels: 2
24:956  0:000  Interleave: 0 2 1 3 4 6 5 7 8 10 9 11 12 14 13 15 16 18 17 19 20 22 21 23
24:956  0:000   partNum=BLS8G4D32AESCK.M8FE 
24:956  0:000  SMBIOS Type 17 Index = 0 => 0 0:
24:956  0:000  BANK 0 DIMM0 3200MHz 8192MB
24:956  0:000   partNum=BLS8G4D32AESCK.M8FE 
24:956  0:000  SMBIOS Type 17 Index = 1 => 2 2:
24:956  0:000  BANK 1 DIMM0 3200MHz 8192MB
24:956  0:000  SMBIOS Type 17 Index = 2 => 1 1:
24:956  0:000  BANK 0 DIMM1 EMPTY
24:956  0:000  SMBIOS Type 17 Index = 3 => 3 3:
24:956  0:000  BANK 1 DIMM1 EMPTY
24:956  0:000  mTotalSystemMemory = 16384
24:956  0:000  NumberOfMemoryDevices = 4
24:956  0:000  Type20[0]->End = 0x7FFFFF, Type17[0] = 0x2000
24:956  0:000  Type20[1]->End = 0xFFFFFF, Type17[1] = 0x6000
24:956  0:000  Table 131 is present, CPUType=31
24:956  0:000  Change to: 605
24:956  0:000  === [ PatchACPI ] =========================================
24:956  0:000  Xsdt reallocation done
24:956  0:000  old FADT length=114
24:956  0:000   SignatureFixup: 0x4EF89F6A -> 0x0
24:959  0:002  Apply DsdtFixMask=0x00000000
24:959  0:000     drop _DSM mask=0xFFFF
24:959  0:000  === [ FixBiosDsdt ] =======================================
24:959  0:000    0 replacements
24:960  0:000  PreCleanup XSDT: count=21, length=204
24:960  0:000  PreCleanup XSDT, corrected XSDT: count=21, length=204
24:960  0:000  === [ ACPIDropTables ] ====================================
24:960  0:000    0 replacements
24:960  0:000    0 replacements
24:960  0:000  Found OperationRegion(SANV, SystemMemory, 76D68298, ...)
24:960  0:000    0 replacements
24:960  0:000    0 replacements
24:960  0:000    0 replacements
24:960  0:000    0 replacements
24:960  0:000  Found OperationRegion(PNVS, SystemMemory, 5FD04000, ...)
24:960  0:000    0 replacements
24:960  0:000    0 replacements
24:960  0:000    0 replacements
24:960  0:000    0 replacements
24:960  0:000  CPUBase=0 and ApicCPUBase=1 ApicCPUNum=1
24:960  0:000  Maximum control=0x24
24:960  0:000  P-States: min 0x8, max 0x24
24:960  0:000  SSDT with CPU P-States and plugin-type generated successfully
24:960  0:000  SSDT with CPU C-States generated successfully
24:960  0:000  Cleanup XSDT: count=23, length=220
24:960  0:000  corrected XSDT count=23, length=220
24:960  0:000  === [ RestSetup macOS ] ===================================
24:960  0:000  EdidDiscovered size=256
24:960  0:000  --- Discovered EDID Table size:256
24:960  0:000  000  |  00  FF  FF  FF  FF  FF  FF  00  22  F0
24:960  0:000  010  |  1B  33  01  00  00  00  17  1B  01  03
24:960  0:000  020  |  80  32  1E  78  2A  15  20  A7  56  52
24:960  0:000  030  |  9C  27  0F  50  54  A1  08  00  D1  C0
24:960  0:000  040  |  B3  00  A9  C0  95  00  81  80  81  00
24:960  0:000  050  |  81  C0  01  01  02  3A  80  18  71  38
24:960  0:000  060  |  2D  40  58  2C  45  00  DC  0C  11  00
24:960  0:000  070  |  00  1E  00  00  00  FD  00  32  3C  1E
24:960  0:000  080  |  50  11  00  0A  20  20  20  20  20  20
24:960  0:000  090  |  00  00  00  FC  00  48  50  20  32  32
24:960  0:000  100  |  65  72  0A  20  20  20  20  20  00  00
24:960  0:000  110  |  00  FF  00  33  43  4D  37  32  33  30
24:960  0:000  120  |  36  32  50  20  20  20  01  95  02  03
24:960  0:000  130  |  19  B1  49  90  1F  04  13  03  12  01
24:960  0:000  140  |  02  11  67  03  0C  00  10  00  00  22
24:960  0:000  150  |  E2  00  2B  02  3A  80  18  71  38  2D
24:960  0:000  160  |  40  58  2C  45  00  DC  0C  11  00  00
24:960  0:000  170  |  1E  02  3A  80  D0  72  38  2D  40  10
24:960  0:000  180  |  2C  45  80  DC  0C  11  00  00  1E  01
24:960  0:000  190  |  1D  00  72  51  D0  1E  20  6E  28  55
24:960  0:000  200  |  00  DC  0C  11  00  00  1E  01  1D  00
24:960  0:000  210  |  BC  52  D0  1E  20  B8  28  55  40  DC
24:960  0:000  220  |  0C  11  00  00  1E  8C  0A  D0  8A  20
24:960  0:000  230  |  E0  2D  10  10  3E  96  00  DC  0C  11
24:960  0:000  240  |  00  00  18  00  00  00  00  00  00  00
24:960  0:000  250  |  00  00  00  00  00  E6
24:960  0:000  NVidia GFX injection not set
24:960  0:000  Intel HD Graphics 630 [8086:5912] :: PciRoot(0x0)\Pci(0x2,0x0)
24:960  0:000  Intel GFX revision  = 0x4
24:960  0:000   RCBA disabled; cannot use it
24:961  0:000  stringlength = 1154
24:961  0:000  CurrentMode: Width=1920 Height=1080
24:961  0:000  Beginning FSInjection
24:961  0:000   - ERROR: gFSInjectProtocolGuid not found!
24:969  0:008  Use origin smbios table type 1 guid.
24:976  0:007  Preparing kexts injection for arch=x86_64 from EFI\CLOVER\kexts\Other
24:976  0:000  Extra kext: EFI\CLOVER\kexts\Other\FakePCIID.kext (v.1.3.15)
24:982  0:005  Extra kext: EFI\CLOVER\kexts\Other\VirtualSMC.kext (v.1.1.1)
24:988  0:005  Extra kext: EFI\CLOVER\kexts\Other\USBInjectAll.kext (v.0.7.4)
25:011  0:023  Extra kext: EFI\CLOVER\kexts\Other\NullCPUPowerManagement.kext (v.1.0.0d2)
25:017  0:005  Extra kext: EFI\CLOVER\kexts\Other\RealtekRTL8111.kext (v.2.2.2)
25:024  0:007  Extra kext: EFI\CLOVER\kexts\Other\WhateverGreen.kext (v.1.3.6)
25:031  0:006  Extra kext: EFI\CLOVER\kexts\Other\AppleALC.kext (v.1.4.6)
25:084  0:053  Extra kext: EFI\CLOVER\kexts\Other\Lilu.kext (v.1.4.1)
25:092  0:008  Preparing kexts injection for arch=x86_64 from EFI\CLOVER\kexts\10.15
25:094  0:001  Custom boot screen not used because entry has unset use graphics
25:095  0:001  Closing log
